0 info it worked if it ends with ok
1 verbose cli [ '/usr/bin/nodejs',
1 verbose cli   '/usr/bin/npm',
1 verbose cli   'install',
1 verbose cli   '-g',
1 verbose cli   'http-server' ]
2 info using npm@2.15.9
3 info using node@v4.5.0
4 verbose install initial load of /usr/lib/package.json
5 verbose readDependencies loading dependencies from /usr/lib/package.json
6 silly cache add args [ 'http-server', null ]
7 verbose cache add spec http-server
8 silly cache add parsed spec Result {
8 silly cache add   raw: 'http-server',
8 silly cache add   scope: null,
8 silly cache add   name: 'http-server',
8 silly cache add   rawSpec: '',
8 silly cache add   spec: 'latest',
8 silly cache add   type: 'tag' }
9 silly addNamed http-server@latest
10 verbose addNamed "latest" is being treated as a dist-tag for http-server
11 info addNameTag [ 'http-server', 'latest' ]
12 silly mapToRegistry name http-server
13 silly mapToRegistry using default registry
14 silly mapToRegistry registry https://registry.npmjs.org/
15 silly mapToRegistry data Result {
15 silly mapToRegistry   raw: 'http-server',
15 silly mapToRegistry   scope: null,
15 silly mapToRegistry   name: 'http-server',
15 silly mapToRegistry   rawSpec: '',
15 silly mapToRegistry   spec: 'latest',
15 silly mapToRegistry   type: 'tag' }
16 silly mapToRegistry uri https://registry.npmjs.org/http-server
17 verbose addNameTag registry:https://registry.npmjs.org/http-server not in flight; fetching
18 verbose get https://registry.npmjs.org/http-server not expired, no request
19 silly addNameTag next cb for http-server with tag latest
20 silly addNamed http-server@0.9.0
21 verbose addNamed "0.9.0" is a plain semver version for http-server
22 silly cache afterAdd http-server@0.9.0
23 verbose afterAdd /home/the/.npm/http-server/0.9.0/package/package.json not in flight; writing
24 verbose correctMkdir /home/the/.npm correctMkdir not in flight; initializing
25 verbose afterAdd /home/the/.npm/http-server/0.9.0/package/package.json written
26 silly install resolved [ { name: 'http-server',
26 silly install resolved     version: '0.9.0',
26 silly install resolved     description: 'A simple zero-configuration command-line http server',
26 silly install resolved     main: './lib/http-server',
26 silly install resolved     repository:
26 silly install resolved      { type: 'git',
26 silly install resolved        url: 'git://github.com/indexzero/http-server.git' },
26 silly install resolved     keywords: [ 'cli', 'command' ],
26 silly install resolved     scripts:
26 silly install resolved      { start: 'node ./bin/http-server',
26 silly install resolved        pretest: 'common bin/http-server lib/ test',
26 silly install resolved        test: 'vows --spec --isolate' },
26 silly install resolved     contributors:
26 silly install resolved      [ [Object],
26 silly install resolved        [Object],
26 silly install resolved        [Object],
26 silly install resolved        [Object],
26 silly install resolved        [Object],
26 silly install resolved        [Object],
26 silly install resolved        [Object],
26 silly install resolved        [Object],
26 silly install resolved        [Object],
26 silly install resolved        [Object] ],
26 silly install resolved     dependencies:
26 silly install resolved      { colors: '1.0.3',
26 silly install resolved        corser: '~2.0.0',
26 silly install resolved        ecstatic: '^1.4.0',
26 silly install resolved        'http-proxy': '^1.8.1',
26 silly install resolved        opener: '~1.4.0',
26 silly install resolved        optimist: '0.6.x',
26 silly install resolved        portfinder: '0.4.x',
26 silly install resolved        union: '~0.4.3' },
26 silly install resolved     devDependencies: { 'common-style': '^3.0.0', request: '2.49.x', vows: '0.7.x' },
26 silly install resolved     bugs: { url: 'https://github.com/nodeapps/http-server/issues' },
26 silly install resolved     license: 'MIT',
26 silly install resolved     preferGlobal: 'true',
26 silly install resolved     bin: { 'http-server': './bin/http-server', hs: './bin/http-server' },
26 silly install resolved     gitHead: '1a8552c5e028bd5500027ee940111133927a4e94',
26 silly install resolved     homepage: 'https://github.com/indexzero/http-server#readme',
26 silly install resolved     _id: 'http-server@0.9.0',
26 silly install resolved     _shasum: '8f1b06bdc733618d4dc42831c7ba1aff4e06001a',
26 silly install resolved     _from: 'http-server@latest',
26 silly install resolved     _npmVersion: '3.7.1',
26 silly install resolved     _nodeVersion: '4.2.2',
26 silly install resolved     _npmUser: { name: 'indexzero', email: 'charlie.robbins@gmail.com' },
26 silly install resolved     maintainers: [ [Object] ],
26 silly install resolved     dist:
26 silly install resolved      { shasum: '8f1b06bdc733618d4dc42831c7ba1aff4e06001a',
26 silly install resolved        tarball: 'https://registry.npmjs.org/http-server/-/http-server-0.9.0.tgz' },
26 silly install resolved     _npmOperationalInternal:
26 silly install resolved      { host: 'packages-6-west.internal.npmjs.com',
26 silly install resolved        tmp: 'tmp/http-server-0.9.0.tgz_1455864708425_0.19514421350322664' },
26 silly install resolved     directories: {},
26 silly install resolved     _resolved: 'https://registry.npmjs.org/http-server/-/http-server-0.9.0.tgz',
26 silly install resolved     readme: 'ERROR: No README data found!' } ]
27 info install http-server@0.9.0 into /usr/lib
28 info installOne http-server@0.9.0
29 verbose installOne of http-server to /usr/lib not in flight; installing
30 verbose correctMkdir /home/the/.npm/_locks correctMkdir not in flight; initializing
31 verbose lock using /home/the/.npm/_locks/http-server-92c989ce1dfca3fc.lock for /usr/lib/node_modules/http-server
32 silly install write writing http-server 0.9.0 to /usr/lib/node_modules/http-server
33 verbose unbuild lib/node_modules/http-server
34 silly gentlyRm /usr/lib/node_modules/http-server is being purged from base /usr
35 verbose gentlyRm don't care about contents; nuking /usr/lib/node_modules/http-server
36 verbose tar unpack /home/the/.npm/http-server/0.9.0/package.tgz
37 verbose tar unpacking to /usr/lib/node_modules/http-server
38 silly gentlyRm /usr/lib/node_modules/http-server is being purged
39 verbose gentlyRm don't care about contents; nuking /usr/lib/node_modules/http-server
40 silly gunzTarPerm modes [ '775', '664' ]
41 error tar.unpack untar error /home/the/.npm/http-server/0.9.0/package.tgz
42 verbose unlock done using /home/the/.npm/_locks/http-server-92c989ce1dfca3fc.lock for /usr/lib/node_modules/http-server
43 verbose fstream_path /usr/lib/node_modules/http-server
44 verbose fstream_type Directory
45 verbose fstream_class DirWriter
46 verbose stack Error: EACCES: permission denied, mkdir '/usr/lib/node_modules/http-server'
46 verbose stack     at Error (native)
47 verbose fstream_stack /usr/lib/node_modules/npm/node_modules/fstream/lib/dir-writer.js:35:25
47 verbose fstream_stack /usr/lib/node_modules/npm/node_modules/mkdirp/index.js:47:53
47 verbose fstream_stack FSReqWrap.oncomplete (fs.js:82:15)
48 verbose cwd /home/the/git/learn3d/demo3d
49 error Linux 4.4.0-38-generic
50 error argv "/usr/bin/nodejs" "/usr/bin/npm" "install" "-g" "http-server"
51 error node v4.5.0
52 error npm  v2.15.9
53 error path /usr/lib/node_modules/http-server
54 error code EACCES
55 error errno -13
56 error syscall mkdir
57 error Error: EACCES: permission denied, mkdir '/usr/lib/node_modules/http-server'
57 error     at Error (native)
57 error  { [Error: EACCES: permission denied, mkdir '/usr/lib/node_modules/http-server']
57 error   errno: -13,
57 error   code: 'EACCES',
57 error   syscall: 'mkdir',
57 error   path: '/usr/lib/node_modules/http-server',
57 error   fstream_type: 'Directory',
57 error   fstream_path: '/usr/lib/node_modules/http-server',
57 error   fstream_class: 'DirWriter',
57 error   fstream_stack:
57 error    [ '/usr/lib/node_modules/npm/node_modules/fstream/lib/dir-writer.js:35:25',
57 error      '/usr/lib/node_modules/npm/node_modules/mkdirp/index.js:47:53',
57 error      'FSReqWrap.oncomplete (fs.js:82:15)' ] }
58 error Please try running this command again as root/Administrator.
59 verbose exit [ -13, true ]
60 verbose unbuild lib/node_modules/http-server
61 silly gentlyRm /usr/lib/node_modules/http-server is being purged from base /usr
62 verbose gentlyRm don't care about contents; nuking /usr/lib/node_modules/http-server
